app/build/outputs/mapping/release/seeds.txt
com.softaai.expandablerecyclerviewdemo.MainActivity
com.softaai.expandablerecyclerviewdemo.MainActivity: MainActivity()
com.softaai.expandablerecyclerviewdemo.R$anim: int abc_fade_in
com.softaai.expandablerecyclerviewdemo.R$anim: int abc_fade_out
com.softaai.expandablerecyclerviewdemo.R$anim: int abc_grow_fade_in_from_bottom
com.softaai.expandablerecyclerviewdemo.R$anim: int abc_popup_enter
com.softaai.expandablerecyclerviewdemo.R$anim: int abc_popup_exit
com.softaai.expandablerecyclerviewdemo.R$anim: int abc_shrink_fade_out_from_bottom
com.softaai.expandablerecyclerviewdemo.R$anim: int abc_slide_in_bottom
com.softaai.expandablerecyclerviewdemo.R$anim: int abc_slide_in_top
com.softaai.expandablerecyclerviewdemo.R$anim: int abc_slide_out_bottom
com.softaai.expandablerecyclerviewdemo.R$anim: int abc_slide_out_top
com.softaai.expandablerecyclerviewdemo.R$anim: int abc_tooltip_enter
com.softaai.expandablerecyclerviewdemo.R$anim: int abc_tooltip_exit
com.softaai.expandablerecyclerviewdemo.R$anim: int design_bottom_sheet_slide_in
com.softaai.expandablerecyclerviewdemo.R$anim: int design_bottom_sheet_slide_out
com.softaai.expandablerecyclerviewdemo.R$anim: int design_snackbar_in
com.softaai.expandablerecyclerviewdemo.R$anim: int design_snackbar_out
com.softaai.expandablerecyclerviewdemo.R$animator: int design_appbar_state_list_animator
com.softaai.expandablerecyclerviewdemo.R$animator: int design_fab_hide_motion_spec
com.softaai.expandablerecyclerviewdemo.R$animator: int design_fab_show_motion_spec
com.softaai.expandablerecyclerviewdemo.R$animator: int mtrl_btn_state_list_anim
com.softaai.expandablerecyclerviewdemo.R$animator: int mtrl_btn_unelevated_state_list_anim
com.softaai.expandablerecyclerviewdemo.R$animator: int mtrl_chip_state_list_anim
com.softaai.expandablerecyclerviewdemo.R$animator: int mtrl_fab_hide_motion_spec
com.softaai.expandablerecyclerviewdemo.R$animator: int mtrl_fab_show_motion_spec
com.softaai.expandablerecyclerviewdemo.R$animator: int mtrl_fab_transformation_sheet_collapse_spec
com.softaai.expandablerecyclerviewdemo.R$animator: int mtrl_fab_transformation_sheet_expand_spec
com.softaai.expandablerecyclerviewdemo.R$attr: int actionBarDivider
com.softaai.expandablerecyclerviewdemo.R$attr: int actionBarItemBackground
com.softaai.expandablerecyclerviewdemo.R$attr: int actionBarPopupTheme
com.softaai.expandablerecyclerviewdemo.R$attr: int actionBarSize
com.softaai.expandablerecyclerviewdemo.R$attr: int actionBarSplitStyle
com.softaai.expandablerecyclerviewdemo.R$attr: int actionBarStyle
com.softaai.expandablerecyclerviewdemo.R$attr: int actionBarTabBarStyle
com.softaai.expandablerecyclerviewdemo.R$attr: int actionBarTabStyle
com.softaai.expandablerecyclerviewdemo.R$attr: int actionBarTabTextStyle
com.softaai.expandablerecyclerviewdemo.R$attr: int actionBarTheme
com.softaai.expandablerecyclerviewdemo.R$attr: int actionBarWidgetTheme
com.softaai.expandablerecyclerviewdemo.R$attr: int actionButtonStyle
com.softaai.expandablerecyclerviewdemo.R$attr: int actionDropDownStyle
com.softaai.expandablerecyclerviewdemo.R$attr: int actionLayout
com.softaai.expandablerecyclerviewdemo.R$attr: int actionMenuTextAppearance
com.softaai.expandablerecyclerviewdemo.R$attr: int actionMenuTextColor
com.softaai.expandablerecyclerviewdemo.R$attr: int actionModeBackground
com.softaai.expandablerecyclerviewdemo.R$attr: int actionModeCloseButtonStyle
com.softaai.expandablerecyclerviewdemo.R$attr: int actionModeCloseDrawable
com.softaai.expandablerecyclerviewdemo.R$attr: int actionModeCopyDrawable
com.softaai.expandablerecyclerviewdemo.R$attr: int actionModeCutDrawable
com.softaai.expandablerecyclerviewdemo.R$bool: int abc_action_bar_embed_tabs
com.softaai.expandablerecyclerviewdemo.R$bool: int abc_allow_stacked_button_bar
com.softaai.expandablerecyclerviewdemo.R$bool: int abc_config_actionMenuItemAllCaps
com.softaai.expandablerecyclerviewdemo.R$bool: int mtrl_btn_textappearance_all_caps
...
com.my.target.core.models.banners.f
com.my.target.core.models.banners.f: java.lang.String mraidSource
com.my.target.core.models.banners.f: com.my.target.core.models.banners.f newBanner()
com.my.target.core.models.banners.f: f()
com.my.target.core.models.banners.f: void setMraidSource(java.lang.String)
com.my.target.core.models.banners.f: java.lang.String getMraidSource()
com.my.target.core.models.banners.g
com.my.target.core.models.banners.g: java.util.List portraitImages
com.my.target.core.models.banners.g: java.util.List landscapeImages
com.my.target.core.models.banners.g: com.my.target.common.models.ImageData optimalPortraitImage
com.my.target.core.models.banners.g: com.my.target.common.models.ImageData optimalLandscapeImage
com.my.target.core.models.banners.g: com.my.target.core.models.banners.g newBanner()
com.my.target.core.models.banners.g: g()
com.my.target.core.models.banners.g: java.util.List getPortraitImages()
com.my.target.core.models.banners.g: java.util.List getLandscapeImages()
com.my.target.core.models.banners.g: com.my.target.common.models.ImageData getOptimalPortraitImage()
com.my.target.core.models.banners.g: void setOptimalPortraitImage(com.my.target.common.models.ImageData)
com.my.target.core.models.banners.g: com.my.target.common.models.ImageData getOptimalLandscapeImage()
com.my.target.core.models.banners.g: void setOptimalLandscapeImage(com.my.target.common.models.ImageData)
com.my.target.core.models.banners.g: void addPortraitImage(com.my.target.common.models.ImageData)
com.my.target.core.models.banners.g: void addLandscapeImage(com.my.target.common.models.ImageData)
com.my.target.core.models.banners.h
com.my.target.core.models.banners.h: java.util.List interstitialAdCards
com.my.target.core.models.banners.h: com.my.target.aj videoBanner
com.my.target.core.models.banners.h: com.my.target.common.models.ImageData playIcon
com.my.target.core.models.banners.h: com.my.target.common.models.ImageData storeIcon
com.my.target.core.models.banners.h: int footerColor
com.my.target.core.models.banners.h: int ctaButtonColor
com.my.target.core.models.banners.h: int ctaButtonTouchColor
com.my.target.core.models.banners.h: int ctaButtonTextColor
com.my.target.core.models.banners.h: int style
com.my.target.core.models.banners.h: com.my.target.core.models.banners.h newBanner()
com.my.target.core.models.banners.h: h()
com.my.target.core.models.banners.h: void setVideoBanner(com.my.target.aj)
com.my.target.core.models.banners.h: com.my.target.aj getVideoBanner()
com.my.target.core.models.banners.h: com.my.target.common.models.ImageData getPlayIcon()
com.my.target.core.models.banners.h: void setPlayIcon(com.my.target.common.models.ImageData)
com.my.target.core.models.banners.h: com.my.target.common.models.ImageData getStoreIcon()
com.my.target.core.models.banners.h: void setStoreIcon(com.my.target.common.models.ImageData)
com.my.target.core.models.banners.h: void setFooterColor(int)
com.my.target.core.models.banners.h: void setCtaButtonColor(int)
com.my.target.core.models.banners.h: void setCtaButtonTouchColor(int)