app/build/outputs/mapping/release/mapping.txt
com.softaai.expandablerecyclerviewdemo.BasicFragment -> com.softaai.expandablerecyclerviewdemo.a:
    java.lang.String description -> X
    java.util.ArrayList items -> Y
    void <init>() -> <init>
    android.view.View onCreateView(android.view.LayoutInflater,android.view.ViewGroup,android.os.Bundle) -> a
    void onActivityCreated(android.os.Bundle) -> h
    void onResume() -> p
    void onPause() -> q
    void onSaveInstanceState(android.os.Bundle) -> j
com.softaai.expandablerecyclerviewdemo.BasicFragment$SimpleDividerItemDecoration -> com.softaai.expandablerecyclerviewdemo.a$a:
    android.graphics.drawable.Drawable mDivider -> b
    com.softaai.expandablerecyclerviewdemo.BasicFragment this$0 -> a
    void <init>(com.softaai.expandablerecyclerviewdemo.BasicFragment,android.content.Context) -> <init>
    void onDrawOver(android.graphics.Canvas,androidx.recyclerview.widget.RecyclerView,androidx.recyclerview.widget.RecyclerView$State) -> a
com.softaai.expandablerecyclerviewdemo.BasicFragment$VerticalSpaceItemDecoration -> com.softaai.expandablerecyclerviewdemo.a$b:
    int space -> b
    com.softaai.expandablerecyclerviewdemo.BasicFragment this$0 -> a
    void <init>(com.softaai.expandablerecyclerviewdemo.BasicFragment,int) -> <init>
    void getItemOffsets(android.graphics.Rect,android.view.View,androidx.recyclerview.widget.RecyclerView,androidx.recyclerview.widget.RecyclerView$State) -> a
com.softaai.expandablerecyclerviewdemo.BasicRecyclerAdapter -> com.softaai.expandablerecyclerviewdemo.b:
    android.app.Activity activity -> a
    java.util.List mItems -> b
    void <init>(android.app.Activity,java.util.List) -> <init>
    com.softaai.expandablerecyclerviewdemo.BasicRecyclerAdapter$ViewHolder onCreateViewHolder(android.view.ViewGroup,int) -> a
    void onBindViewHolder(com.softaai.expandablerecyclerviewdemo.BasicRecyclerAdapter$ViewHolder,int) -> a
    int getItemCount() -> getItemCount
    void onBindViewHolder(androidx.recyclerview.widget.RecyclerView$ViewHolder,int) -> onBindViewHolder
    androidx.recyclerview.widget.RecyclerView$ViewHolder onCreateViewHolder(android.view.ViewGroup,int) -> onCreateViewHolder
com.softaai.expandablerecyclerviewdemo.BasicRecyclerAdapter$1 -> com.softaai.expandablerecyclerviewdemo.b$1:
    com.softaai.expandablerecyclerviewdemo.BasicRecyclerAdapter$ViewHolder val$viewHolder -> a
    com.softaai.expandablerecyclerviewdemo.BasicRecyclerAdapter this$0 -> b
    void <init>(com.softaai.expandablerecyclerviewdemo.BasicRecyclerAdapter,long,long,com.softaai.expandablerecyclerviewdemo.BasicRecyclerAdapter$ViewHolder) -> <init>
    void onTick(long) -> onTick
    void onFinish() -> onFinish
com.softaai.expandablerecyclerviewdemo.BasicRecyclerAdapter$1$1 -> com.softaai.expandablerecyclerviewdemo.b$1$1:
    long val$millisUntilFinished -> a
    com.softaai.expandablerecyclerviewdemo.BasicRecyclerAdapter$1 this$1 -> b
    void <init>(com.softaai.expandablerecyclerviewdemo.BasicRecyclerAdapter$1,long) -> <init>
    void run() -> run
com.softaai.expandablerecyclerviewdemo.BasicRecyclerAdapter$1$2 -> com.softaai.expandablerecyclerviewdemo.b$1$2:
    com.softaai.expandablerecyclerviewdemo.BasicRecyclerAdapter$1 this$1 -> a
    void <init>(com.softaai.expandablerecyclerviewdemo.BasicRecyclerAdapter$1) -> <init>
    void run() -> run
...
com.inmobi.rendering.c$13 -> com.inmobi.rendering.e$5:
    java.lang.String a -> a
    java.lang.String b -> b
    com.inmobi.rendering.c c -> c
    void <init>(com.inmobi.rendering.c,java.lang.String,java.lang.String) -> <init>
    void run() -> run
com.inmobi.rendering.c$14 -> com.inmobi.rendering.e$6:
    java.lang.String a -> a
    com.inmobi.rendering.c b -> b
    void <init>(com.inmobi.rendering.c,java.lang.String) -> <init>
    void run() -> run
com.inmobi.rendering.c$2 -> com.inmobi.rendering.e$7:
    java.lang.String a -> a
    java.lang.String b -> b
    com.inmobi.rendering.c c -> c
    void <init>(com.inmobi.rendering.c,java.lang.String,java.lang.String) -> <init>
    void a(int[]) -> a
com.inmobi.rendering.c$3 -> com.inmobi.rendering.e$8:
    java.lang.String a -> a
    com.inmobi.rendering.c b -> b
    void <init>(com.inmobi.rendering.c,java.lang.String) -> <init>
    void onReceive(android.content.Context,android.content.Intent) -> onReceive
com.inmobi.rendering.c$4 -> com.inmobi.rendering.e$9:
    java.lang.String a -> a
    java.lang.String b -> b
    java.lang.String c -> c
    java.lang.String d -> d
    java.lang.String e -> e
    java.lang.String f -> f
    java.lang.String g -> g
    java.lang.String h -> h
    java.lang.String i -> i
    java.lang.String j -> j
    java.lang.String k -> k
    com.inmobi.rendering.c l -> l
    void <init>(com.inmobi.rendering.c,java.lang.String,java.lang.String,java.lang.String,java.lang.String,java.lang.String,java.lang.String,java.lang.String,java.lang.String,java.lang.String,java.lang.String,java.lang.String) -> <init>
    void a(int[]) -> a
com.inmobi.rendering.c$5 -> com.inmobi.rendering.e$10:
    com.inmobi.commons.core.network.NetworkRequest a -> a
    long b -> b
    com.inmobi.rendering.c c -> c
    void <init>(com.inmobi.rendering.c,com.inmobi.commons.core.network.NetworkRequest,long) -> <init>
    void a(com.inmobi.commons.core.network.c) -> a
    void b(com.inmobi.commons.core.network.c) -> b
com.inmobi.rendering.c$6 -> com.inmobi.rendering.e$11:
    boolean a -> a
    java.lang.String b -> b
    com.inmobi.rendering.c c -> c
    void <init>(com.inmobi.rendering.c,boolean,java.lang.String) -> <init>
    void run() -> run
com.inmobi.rendering.c$7 -> com.inmobi.rendering.e$12:
    java.lang.String a -> a
    java.lang.String b -> b
    com.inmobi.rendering.c c -> c
    void <init>(com.inmobi.rendering.c,java.lang.String,java.lang.String) -> <init>
    void run() -> run
com.inmobi.rendering.c$8 -> com.inmobi.rendering.e$13:
    com.inmobi.rendering.c a -> a
    void <init>(com.inmobi.rendering.c) -> <init>
    void run() -> run
com.inmobi.rendering.c$9 -> com.inmobi.rendering.e$14:
    com.inmobi.rendering.c a -> a
    void <init>(com.inmobi.rendering.c) -> <init>
    void run() -> run
com.inmobi.rendering.c$a -> com.inmobi.rendering.e$a:
    int a -> a
    int b -> b
    android.view.View c -> c
    java.lang.Boolean d -> d
    void <init>(android.view.View) -> <init>
    void onGlobalLayout() -> onGlobalLayout
    java.lang.Boolean a(com.inmobi.rendering.c$a) -> a
    int b(com.inmobi.rendering.c$a) -> b
    int c(com.inmobi.rendering.c$a) -> c