app/build/outputs/mapping/release/usage.txt
com.softaai.expandablerecyclerviewdemo.BasicFragment:
    private static final int VERTICAL_ITEM_SPACE
    androidx.recyclerview.widget.RecyclerView recyclerView
com.softaai.expandablerecyclerviewdemo.BuildConfig
com.softaai.expandablerecyclerviewdemo.ExpandableFragment:
    private com.softaai.expandablerecyclerviewdemo.adapter.RecyclerAdapter adapter
com.softaai.expandablerecyclerviewdemo.MainActivity$DesignDemoFragment
com.softaai.expandablerecyclerviewdemo.R
com.softaai.expandablerecyclerviewdemo.R$anim
com.softaai.expandablerecyclerviewdemo.R$animator
com.softaai.expandablerecyclerviewdemo.R$attr
com.softaai.expandablerecyclerviewdemo.R$bool
com.softaai.expandablerecyclerviewdemo.R$color
com.softaai.expandablerecyclerviewdemo.R$dimen
com.softaai.expandablerecyclerviewdemo.R$drawable
com.softaai.expandablerecyclerviewdemo.R$id
com.softaai.expandablerecyclerviewdemo.R$integer
com.softaai.expandablerecyclerviewdemo.R$interpolator
com.softaai.expandablerecyclerviewdemo.R$layout
com.softaai.expandablerecyclerviewdemo.R$menu
com.softaai.expandablerecyclerviewdemo.R$string
com.softaai.expandablerecyclerviewdemo.R$style
com.softaai.expandablerecyclerviewdemo.R$styleable
com.softaai.expandablerecyclerviewdemo.UpdateTime
com.softaai.expandablerecyclerviewdemo.expandablerecyclerview.ExpandCollapseController:
    55:56:public boolean isGroupExpanded(int)
    75:83:public boolean toggleGroup(com.softaai.expandablerecyclerviewdemo.expandablerecyclerview.models.ExpandableGroup)
com.softaai.expandablerecyclerviewdemo.expandablerecyclerview.ExpandableRecyclerViewAdapter:
    private static final java.lang.String EXPAND_STATE_MAP
    173:173:public boolean toggleGroup(int)
    181:181:public boolean toggleGroup(com.softaai.expandablerecyclerviewdemo.expandablerecyclerview.models.ExpandableGroup)
    189:189:public boolean isGroupExpanded(int)
    213:214:public void onSaveInstanceState(android.os.Bundle)
    229:234:public void onRestoreInstanceState(android.os.Bundle)
    237:238:public void setOnGroupClickListener(com.softaai.expandablerecyclerviewdemo.expandablerecyclerview.listeners.OnGroupClickListener)
    241:242:public void setOnGroupExpandCollapseListener(com.softaai.expandablerecyclerviewdemo.expandablerecyclerview.listeners.GroupExpandCollapseListener)
com.softaai.expandablerecyclerviewdemo.expandablerecyclerview.MultiTypeExpandableRecyclerViewAdapter
com.softaai.expandablerecyclerviewdemo.expandablerecyclerview.models.ExpandableList:
    89:94:public int getFlattenedGroupIndex(int)
    103:109:public int getFlattenedGroupIndex(com.softaai.expandablerecyclerviewdemo.expandablerecyclerview.models.ExpandableGroup)
    120:121:public int getFlattenedChildIndex(long)
    132:139:public int getFlattenedChildIndex(com.softaai.expandablerecyclerviewdemo.expandablerecyclerview.models.ExpandableListPosition)
    150:155:public int getFlattenedChildIndex(int,int)
    163:163:public int getFlattenedFirstChildIndex(int)
    172:172:public int getFlattenedFirstChildIndex(com.softaai.expandablerecyclerviewdemo.expandablerecyclerview.models.ExpandableListPosition)
    180:180:public int getExpandableGroupItemCount(com.softaai.expandablerecyclerviewdemo.expandablerecyclerview.models.ExpandableListPosition)
com.softaai.expandablerecyclerviewdemo.expandablerecyclerview.models.ExpandableListPosition:
    private static final int MAX_POOL_SIZE
    public static final int CHILD
    public static final int GROUP
    67:70:public long getPackedPosition()
    75:75:static com.softaai.expandablerecyclerviewdemo.expandablerecyclerview.models.ExpandableListPosition obtainGroupPosition(int)
    79:79:static com.softaai.expandablerecyclerviewdemo.expandablerecyclerview.models.ExpandableListPosition obtainChildPosition(int,int)
    83:96:static com.softaai.expandablerecyclerviewdemo.expandablerecyclerview.models.ExpandableListPosition obtainPosition(long)
    127:132:public void recycle()
...
androidx.transition.R$id:
    79:79:private R$id()
androidx.transition.R$integer
androidx.transition.R$layout
androidx.transition.R$string
androidx.transition.R$style
androidx.transition.R$styleable
androidx.transition.RectEvaluator:
    52:54:RectEvaluator(android.graphics.Rect)
androidx.transition.Scene:
    private android.content.Context mContext
    private int mLayoutId
    private android.view.View mLayout
    private java.lang.Runnable mEnterAction
    63:75:public static androidx.transition.Scene getSceneForLayout(android.view.ViewGroup,int,android.content.Context)
    39:91:public Scene(android.view.ViewGroup)
    39:112:private Scene(android.view.ViewGroup,int,android.content.Context)
    39:127:public Scene(android.view.ViewGroup,android.view.View)
    138:138:public android.view.ViewGroup getSceneRoot()
    168:185:public void enter()
    228:229:public void setEnterAction(java.lang.Runnable)
    248:249:public void setExitAction(java.lang.Runnable)
    257:257:boolean isCreatedFromLayoutResource()
androidx.transition.SidePropagation
androidx.transition.Slide
androidx.transition.Slide$1
androidx.transition.Slide$2
androidx.transition.Slide$3
androidx.transition.Slide$4
androidx.transition.Slide$5
androidx.transition.Slide$6
androidx.transition.Slide$CalculateSlide
androidx.transition.Slide$CalculateSlideHorizontal
androidx.transition.Slide$CalculateSlideVertical
androidx.transition.Slide$GravityFlag
androidx.transition.Styleable
androidx.transition.Styleable$ArcMotion
androidx.transition.Styleable$ChangeBounds
androidx.transition.Styleable$ChangeTransform
androidx.transition.Styleable$Fade
androidx.transition.Styleable$PatternPathMotion
androidx.transition.Styleable$Slide
androidx.transition.Styleable$Transition
androidx.transition.Styleable$TransitionManager
androidx.transition.Styleable$TransitionSet
androidx.transition.Styleable$TransitionTarget
androidx.transition.Styleable$VisibilityTransition
androidx.transition.Transition:
    private static final java.lang.String LOG_TAG
    static final boolean DBG
    public static final int MATCH_INSTANCE
    private static final int MATCH_FIRST
    public static final int MATCH_NAME
    public static final int MATCH_ID
    public static final int MATCH_ITEM_ID
    private static final int MATCH_LAST
    private static final java.lang.String MATCH_INSTANCE_STR
    private static final java.lang.String MATCH_NAME_STR
    private static final java.lang.String MATCH_ID_STR
    private static final java.lang.String MATCH_ITEM_ID_STR
    180:298:public Transition(android.content.Context,android.util.AttributeSet)
    302:327:private static int[] parseMatchOrder(java.lang.String)
    507:521:public varargs void setMatchOrder(int[])
    524:524:private static boolean isValidMatch(int)
    528:534:private static boolean alreadyContains(int[],int)
    1022:1025:public androidx.transition.Transition addTarget(int)
    1047:1051:public androidx.transition.Transition addTarget(java.lang.String)
    1077:1081:public androidx.transition.Transition addTarget(java.lang.Class)
    1112:1115:public androidx.transition.Transition removeTarget(int)
    1130:1133:public androidx.transition.Transition removeTarget(java.lang.String)
    1148:1151:public androidx.transition.Transition removeTarget(java.lang.Class)
    1159:1166:private static java.util.ArrayList excludeObject(java.util.ArrayList,java.lang.Object,boolean)
androidx.transition.Transition$ArrayListManager
androidx.transition.Transition$EpicenterCallback:
    public abstract android.graphics.Rect onGetEpicenter(androidx.transition.Transition)
androidx.transition.Transition$MatchOrder
androidx.transition.Transition$TransitionListener:
    public abstract void onTransitionCancel(androidx.transition.Transition)
androidx.transition.TransitionInflater
androidx.transition.TransitionListenerAdapter:
    39:39:public void onTransitionCancel(androidx.transition.Transition)